<?xml version="1.0" encoding="UTF-8"?>
<testsuite name="tests.SearchTests" tests="1" skipped="0" failures="0" errors="0" timestamp="2022-07-19T22:12:52" hostname="VIKTOR" time="1.577">
  <properties/>
  <testcase name="searchCurrentMonth" classname="tests.SearchTests" time="1.577"/>
  <system-out><![CDATA[01:12:52.424 INFO  tests.TestBase - Start test with name -->>>searchCurrentMonth
01:12:52.426 INFO  manager.MyListener - WebDriver start find element -->>>By.id: city
01:12:52.443 INFO  manager.MyListener - WebDriver found element by locator -->>>By.id: city
01:12:52.519 INFO  manager.MyListener - WebDriver start find element -->>>By.cssSelector: .pac-item
01:12:53.163 INFO  manager.MyListener - WebDriver found element by locator -->>>By.cssSelector: .pac-item
01:12:53.695 INFO  manager.MyListener - WebDriver start find element -->>>By.id: dates
01:12:53.712 INFO  manager.MyListener - WebDriver found element by locator -->>>By.id: dates
01:12:53.777 INFO  manager.MyListener - WebDriver start find element -->>>By.xpath: //div[text()=' 28 ']
01:12:53.793 INFO  manager.MyListener - WebDriver found element by locator -->>>By.xpath: //div[text()=' 28 ']
01:12:53.827 INFO  manager.MyListener - WebDriver start find element -->>>By.xpath: //div[text()=' 27 ']
01:12:53.844 INFO  manager.MyListener - WebDriver found element by locator -->>>By.xpath: //div[text()=' 27 ']
01:12:53.880 INFO  manager.MyListener - WebDriver start find element -->>>By.xpath: //button[@type='submit']
01:12:53.899 INFO  manager.MyListener - WebDriver found element by locator -->>>By.xpath: //button[@type='submit']
01:12:53.932 INFO  manager.MyListener - WebDriver start find element -->>>By.xpath: //button[@type='submit']
01:12:53.945 INFO  manager.MyListener - WebDriver found element by locator -->>>By.xpath: //button[@type='submit']
]]></system-out>
  <system-err><![CDATA[]]></system-err>
</testsuite>
