<?xml version="1.0" encoding="UTF-8"?>
<testsuite name="tests.RegistrationTests" tests="1" skipped="0" failures="0" errors="0" timestamp="2022-07-06T16:34:31" hostname="VIKTOR" time="0.761">
  <properties/>
  <testcase name="RegistrationWrongPasswordFormat" classname="tests.RegistrationTests" time="0.761"/>
  <system-out><![CDATA[Password must contain 1 uppercase letter, 1 lowercase letter and one number
]]></system-out>
  <system-err><![CDATA[]]></system-err>
</testsuite>
