<?xml version="1.0" encoding="UTF-8"?>
<testsuite name="tests.loginTests" tests="1" skipped="0" failures="0" errors="0" timestamp="2022-06-25T21:17:47" hostname="VIKTOR" time="0.284">
  <properties/>
  <testcase name="successLogin" classname="tests.loginTests" time="0.284"/>
  <system-out><![CDATA[]]></system-out>
  <system-err><![CDATA[Starting ChromeDriver 102.0.5005.61 (0e59bcc00cc4985ce39ad31c150065f159d95ad3-refs/branch-heads/5005@{#819}) on port 51318
Only local connections are allowed.
Please see https://chromedriver.chromium.org/security-considerations for suggestions on keeping ChromeDriver safe.
ChromeDriver was started successfully.
Jun 26, 2022 12:17:33 AM org.openqa.selenium.remote.ProtocolHandshake createSession
INFO: Detected upstream dialect: W3C
Jun 26, 2022 12:17:33 AM org.openqa.selenium.devtools.CdpVersionFinder findNearestMatch
INFO: Found exact CDP implementation for version 102
]]></system-err>
</testsuite>
